INFO - 2025-02-12 02:46:14 --> Session: Class initialized using 'CodeIgniter\Session\Handlers\FileHandler' driver.
INFO - 2025-02-12 02:55:31 --> Session: Class initialized using 'CodeIgniter\Session\Handlers\FileHandler' driver.
INFO - 2025-02-12 02:56:58 --> Session: Class initialized using 'CodeIgniter\Session\Handlers\FileHandler' driver.
INFO - 2025-02-12 02:56:59 --> Session: Class initialized using 'CodeIgniter\Session\Handlers\FileHandler' driver.
INFO - 2025-02-12 02:57:18 --> Session: Class initialized using 'CodeIgniter\Session\Handlers\FileHandler' driver.
INFO - 2025-02-12 02:57:25 --> Session: Class initialized using 'CodeIgniter\Session\Handlers\FileHandler' driver.
INFO - 2025-02-12 02:57:25 --> Session: Class initialized using 'CodeIgniter\Session\Handlers\FileHandler' driver.
INFO - 2025-02-12 02:57:27 --> Session: Class initialized using 'CodeIgniter\Session\Handlers\FileHandler' driver.
INFO - 2025-02-12 04:05:01 --> Session: Class initialized using 'CodeIgniter\Session\Handlers\FileHandler' driver.
INFO - 2025-02-12 04:05:19 --> Session: Class initialized using 'CodeIgniter\Session\Handlers\FileHandler' driver.
INFO - 2025-02-12 04:05:25 --> Session: Class initialized using 'CodeIgniter\Session\Handlers\FileHandler' driver.
INFO - 2025-02-12 04:05:25 --> Session: Class initialized using 'CodeIgniter\Session\Handlers\FileHandler' driver.
INFO - 2025-02-12 04:05:27 --> Session: Class initialized using 'CodeIgniter\Session\Handlers\FileHandler' driver.
INFO - 2025-02-12 04:10:12 --> Session: Class initialized using 'CodeIgniter\Session\Handlers\FileHandler' driver.
INFO - 2025-02-12 04:11:28 --> Session: Class initialized using 'CodeIgniter\Session\Handlers\FileHandler' driver.
INFO - 2025-02-12 04:28:45 --> Session: Class initialized using 'CodeIgniter\Session\Handlers\FileHandler' driver.
INFO - 2025-02-12 04:28:46 --> Session: Class initialized using 'CodeIgniter\Session\Handlers\FileHandler' driver.
INFO - 2025-02-12 04:28:52 --> Session: Class initialized using 'CodeIgniter\Session\Handlers\FileHandler' driver.
INFO - 2025-02-12 04:28:52 --> Session: Class initialized using 'CodeIgniter\Session\Handlers\FileHandler' driver.
INFO - 2025-02-12 04:28:54 --> Session: Class initialized using 'CodeIgniter\Session\Handlers\FileHandler' driver.
ERROR - 2025-02-12 04:29:29 --> Email: Unable to send email using SMTP. Your server might not be configured to send mail using this method.
ERROR - 2025-02-12 04:29:29 --> 
hello: 220 smtp.gmail.com ESMTP d9443c01a7336-21f3687c187sm104993895ad.168 - gsmtp

The following SMTP error was encountered: 220 smtp.gmail.com ESMTP d9443c01a7336-21f3687c187sm104993895ad.168 - gsmtp

INFO - 2025-02-12 04:29:29 --> Session: Class initialized using 'CodeIgniter\Session\Handlers\FileHandler' driver.
INFO - 2025-02-12 04:29:29 --> Session: Class initialized using 'CodeIgniter\Session\Handlers\FileHandler' driver.
INFO - 2025-02-12 04:30:59 --> Session: Class initialized using 'CodeIgniter\Session\Handlers\FileHandler' driver.
ERROR - 2025-02-12 04:31:52 --> Email: Unable to send email using SMTP. Your server might not be configured to send mail using this method.
ERROR - 2025-02-12 04:31:52 --> 220 smtp.gmail.com ESMTP d9443c01a7336-21f368afde8sm103441985ad.223 - gsmtp

hello: 250-smtp.gmail.com at your service, [175.45.191.13]
250-SIZE 35882577
250-8BITMIME
250-STARTTLS
250-ENHANCEDSTATUSCODES
250-PIPELINING
250-CHUNKING
250 SMTPUTF8

Failed to send AUTH LOGIN command. Error: 530-5.7.0 Must issue a STARTTLS command first. For more information, go to
530-5.7.0  https://support.google.com/a/answer/3221692 and review RFC 3207
530 5.7.0 specifications. d9443c01a7336-21f368afde8sm103441985ad.223 - gsmtp

INFO - 2025-02-12 04:31:52 --> Session: Class initialized using 'CodeIgniter\Session\Handlers\FileHandler' driver.
INFO - 2025-02-12 04:31:52 --> Session: Class initialized using 'CodeIgniter\Session\Handlers\FileHandler' driver.
INFO - 2025-02-12 04:59:57 --> Session: Class initialized using 'CodeIgniter\Session\Handlers\FileHandler' driver.
INFO - 2025-02-12 04:59:58 --> Session: Class initialized using 'CodeIgniter\Session\Handlers\FileHandler' driver.
ERROR - 2025-02-12 05:01:37 --> Email: sendWithSmtp throwed ErrorException: fsockopen(): php_network_getaddresses: getaddrinfo for mail.alhikam.ac.id failed: No such host is known.  in C:\Users\WINDOWS 11\Documents\1-Proyek\alhikam.ac.id\system\Email\Email.php:1901
Stack trace:
#0 [internal function]: CodeIgniter\Debug\Exceptions->errorHandler(2, 'fsockopen(): ph...', 'C:\\Users\\WINDOW...', 1901)
#1 C:\Users\WINDOWS 11\Documents\1-Proyek\alhikam.ac.id\system\Email\Email.php(1901): fsockopen('ssl://mail.alhi...', 465, NULL, NULL, 10)
#2 C:\Users\WINDOWS 11\Documents\1-Proyek\alhikam.ac.id\system\Email\Email.php(1809): CodeIgniter\Email\Email->SMTPConnect()
#3 C:\Users\WINDOWS 11\Documents\1-Proyek\alhikam.ac.id\system\Email\Email.php(1694): CodeIgniter\Email\Email->sendWithSmtp()
#4 C:\Users\WINDOWS 11\Documents\1-Proyek\alhikam.ac.id\system\Email\Email.php(1589): CodeIgniter\Email\Email->spoolEmail()
#5 C:\Users\WINDOWS 11\Documents\1-Proyek\alhikam.ac.id\app\Controllers\SendEmail.php(28): CodeIgniter\Email\Email->send()
#6 C:\Users\WINDOWS 11\Documents\1-Proyek\alhikam.ac.id\app\Controllers\Auth.php(228): App\Controllers\SendEmail->daftar_auth('reggaganteng12@...', 'Regga Ananda')
#7 C:\Users\WINDOWS 11\Documents\1-Proyek\alhikam.ac.id\system\CodeIgniter.php(933): App\Controllers\Auth->daftar_auth()
#8 C:\Users\WINDOWS 11\Documents\1-Proyek\alhikam.ac.id\system\CodeIgniter.php(509): CodeIgniter\CodeIgniter->runController(Object(App\Controllers\Auth))
#9 C:\Users\WINDOWS 11\Documents\1-Proyek\alhikam.ac.id\system\CodeIgniter.php(355): CodeIgniter\CodeIgniter->handleRequest(NULL, Object(Config\Cache), false)
#10 C:\Users\WINDOWS 11\Documents\1-Proyek\alhikam.ac.id\system\Boot.php(325): CodeIgniter\CodeIgniter->run()
#11 C:\Users\WINDOWS 11\Documents\1-Proyek\alhikam.ac.id\system\Boot.php(67): CodeIgniter\Boot::runCodeIgniter(Object(CodeIgniter\CodeIgniter))
#12 C:\Users\WINDOWS 11\Documents\1-Proyek\alhikam.ac.id\public\index.php(56): CodeIgniter\Boot::bootWeb(Object(Config\Paths))
#13 C:\Users\WINDOWS 11\Documents\1-Proyek\alhikam.ac.id\system\rewrite.php(44): require_once('C:\\Users\\WINDOW...')
#14 {main}
ERROR - 2025-02-12 05:01:37 --> Email: Unable to send email using SMTP. Your server might not be configured to send mail using this method.
ERROR - 2025-02-12 05:01:37 --> 
INFO - 2025-02-12 05:01:37 --> Session: Class initialized using 'CodeIgniter\Session\Handlers\FileHandler' driver.
INFO - 2025-02-12 05:01:37 --> Session: Class initialized using 'CodeIgniter\Session\Handlers\FileHandler' driver.
INFO - 2025-02-12 06:20:06 --> Session: Class initialized using 'CodeIgniter\Session\Handlers\FileHandler' driver.
