CRITICAL - 2025-02-26 04:04:11 --> Error: Undefined constant "CodeIgniter\Database\MySQLi\MYSQLI_STORE_RESULT"
[Method: GET, Route: /]
in SYSTEMPATH/Database/Database.php on line 143.
 1 SYSTEMPATH/Database/Database.php(61): CodeIgniter\Database\Database->initDriver()
 2 SYSTEMPATH/Database/Config.php(84): CodeIgniter\Database\Database->load()
 3 SYSTEMPATH/Model.php(155): CodeIgniter\Database\Config::connect()
 4 APPPATH/Controllers/Guest.php(13): CodeIgniter\Model->__construct()
 5 SYSTEMPATH/CodeIgniter.php(903): App\Controllers\Guest->__construct()
 6 SYSTEMPATH/CodeIgniter.php(500): CodeIgniter\CodeIgniter->createController()
 7 SYSTEMPATH/CodeIgniter.php(355): CodeIgniter\CodeIgniter->handleRequest()
 8 SYSTEMPATH/Boot.php(325): CodeIgniter\CodeIgniter->run()
 9 SYSTEMPATH/Boot.php(67): CodeIgniter\Boot::runCodeIgniter()
10 FCPATH/index.php(56): CodeIgniter\Boot::bootWeb()
11 SYSTEMPATH/rewrite.php(44): require_once('/home/achmedhibatillah/Documents/Project/alhikam/public/index.php')
CRITICAL - 2025-02-26 17:43:38 --> Error: Undefined constant "CodeIgniter\Database\MySQLi\MYSQLI_STORE_RESULT"
[Method: GET, Route: /]
in SYSTEMPATH/Database/Database.php on line 143.
 1 SYSTEMPATH/Database/Database.php(61): CodeIgniter\Database\Database->initDriver()
 2 SYSTEMPATH/Database/Config.php(84): CodeIgniter\Database\Database->load()
 3 SYSTEMPATH/Model.php(155): CodeIgniter\Database\Config::connect()
 4 APPPATH/Controllers/Guest.php(13): CodeIgniter\Model->__construct()
 5 SYSTEMPATH/CodeIgniter.php(903): App\Controllers\Guest->__construct()
 6 SYSTEMPATH/CodeIgniter.php(500): CodeIgniter\CodeIgniter->createController()
 7 SYSTEMPATH/CodeIgniter.php(355): CodeIgniter\CodeIgniter->handleRequest()
 8 SYSTEMPATH/Boot.php(325): CodeIgniter\CodeIgniter->run()
 9 SYSTEMPATH/Boot.php(67): CodeIgniter\Boot::runCodeIgniter()
10 FCPATH/index.php(56): CodeIgniter\Boot::bootWeb()
11 SYSTEMPATH/rewrite.php(44): require_once('/home/achmedhibatillah/Documents/Project/php/alhikam/public/index.php')
CRITICAL - 2025-02-26 17:43:44 --> Error: Undefined constant "CodeIgniter\Database\MySQLi\MYSQLI_STORE_RESULT"
[Method: GET, Route: /]
in SYSTEMPATH/Database/Database.php on line 143.
 1 SYSTEMPATH/Database/Database.php(61): CodeIgniter\Database\Database->initDriver()
 2 SYSTEMPATH/Database/Config.php(84): CodeIgniter\Database\Database->load()
 3 SYSTEMPATH/Model.php(155): CodeIgniter\Database\Config::connect()
 4 APPPATH/Controllers/Guest.php(13): CodeIgniter\Model->__construct()
 5 SYSTEMPATH/CodeIgniter.php(903): App\Controllers\Guest->__construct()
 6 SYSTEMPATH/CodeIgniter.php(500): CodeIgniter\CodeIgniter->createController()
 7 SYSTEMPATH/CodeIgniter.php(355): CodeIgniter\CodeIgniter->handleRequest()
 8 SYSTEMPATH/Boot.php(325): CodeIgniter\CodeIgniter->run()
 9 SYSTEMPATH/Boot.php(67): CodeIgniter\Boot::runCodeIgniter()
10 FCPATH/index.php(56): CodeIgniter\Boot::bootWeb()
11 SYSTEMPATH/rewrite.php(44): require_once('/home/achmedhibatillah/Documents/Project/php/alhikam/public/index.php')
CRITICAL - 2025-02-26 17:45:50 --> Error: Undefined constant "CodeIgniter\Database\MySQLi\MYSQLI_STORE_RESULT"
[Method: GET, Route: /]
in SYSTEMPATH/Database/Database.php on line 143.
 1 SYSTEMPATH/Database/Database.php(61): CodeIgniter\Database\Database->initDriver()
 2 SYSTEMPATH/Database/Config.php(84): CodeIgniter\Database\Database->load()
 3 SYSTEMPATH/Model.php(155): CodeIgniter\Database\Config::connect()
 4 APPPATH/Controllers/Guest.php(13): CodeIgniter\Model->__construct()
 5 SYSTEMPATH/CodeIgniter.php(903): App\Controllers\Guest->__construct()
 6 SYSTEMPATH/CodeIgniter.php(500): CodeIgniter\CodeIgniter->createController()
 7 SYSTEMPATH/CodeIgniter.php(355): CodeIgniter\CodeIgniter->handleRequest()
 8 SYSTEMPATH/Boot.php(325): CodeIgniter\CodeIgniter->run()
 9 SYSTEMPATH/Boot.php(67): CodeIgniter\Boot::runCodeIgniter()
10 FCPATH/index.php(56): CodeIgniter\Boot::bootWeb()
11 SYSTEMPATH/rewrite.php(44): require_once('/home/achmedhibatillah/Documents/Project/php/alhikam/public/index.php')
